Arguments: 
  C:\Program Files\nodejs\node.exe C:\Users\Amr\AppData\Roaming\npm\node_modules\yarn\bin\yarn.js add stripe

PATH: 
  C:\WINDOWS\system32;C:\WINDOWS;C:\WINDOWS\System32\Wbem;C:\WINDOWS\System32\WindowsPowerShell\v1.0\;C:\Program Files\nodejs\;C:\Program Files\Git\cmd;C:\ProgramData\chocolatey\bin;C:\Program Files\OpenJDK\openjdk-8u262-b10\bin;C:\Program Files\MongoDB\Server\4.4\bin;C:\Users\Amr\AppData\Local\jdk-11.0.2\bin;C:\Users\Amr\AppData\Local\python2\scripts;C:\Users\Amr\AppData\Local\python2;C:\Users\Amr\AppData\Local\Programs\Python\Python37-32\Scripts\;C:\Users\Amr\AppData\Local\Programs\Python\Python37-32\;C:\Users\Amr\AppData\Local\Programs\Microsoft VS Code\bin;C:\Users\Amr\AppData\Roaming\npm;C:\Program Files\heroku\bin;C:\src\flutter\bin;C:\Windows\System32\sqlite3.exe;C:\Users\Amr\AppData\Local\Android\Sdk\platform-tools;C:\Program Files\Java\jdk1.8.0_261\bin;C:\Users\Amr\AppData\Local\Android\Sdk;C:\Program Files\MongoDB\Server\4.4\bin

Yarn version: 
  1.22.4

Node version: 
  12.13.0

Platform: 
  win32 x64

Trace: 
  Error: connect ETIMEDOUT 104.16.23.35:443
      at TCPConnectWrap.afterConnect [as oncomplete] (net.js:1128:14)

npm manifest: 
  {
    "name": "server",
    "version": "1.0.0",
    "description": "",
    "main": "index.js",
    "scripts": {
      "start": "nodemon server.js"
    },
    "author": "",
    "license": "ISC",
    "dependencies": {
      "body-parser": "^1.19.0",
      "cloudinary": "^1.25.1",
      "cors": "^2.8.5",
      "dotenv": "^8.2.0",
      "express": "^4.17.1",
      "express-jwt": "^6.0.0",
      "firebase-admin": "^9.6.0",
      "jsonwebtoken": "^8.5.1",
      "mongoose": "^5.12.3",
      "morgan": "^1.10.0",
      "nodemon": "^2.0.7",
      "slugify": "^1.5.0"
    }
  }

yarn manifest: 
  No manifest

Lockfile: 
  No lockfile
